<?xml version="1.0" encoding="UTF-8"?>
<!-- Generated by org.testng.reporters.JUnitReportReporter -->
<testsuite hostname="SUTIRTH_VISHRUTH" failures="0" tests="2" name="com.example.Cucumber_TestNGDemo.runner.TestRunner" time="14.250" errors="0" timestamp="2021-12-12T16:07:48 IST" skipped="0">
  <testcase classname="com.example.Cucumber_TestNGDemo.runner.TestRunner" name="runScenario" time="7.233"/>
  <system-out/>
  <testcase classname="com.example.Cucumber_TestNGDemo.runner.TestRunner" name="runScenario" time="7.017"/>
  <system-out/>
</testsuite> <!-- com.example.Cucumber_TestNGDemo.runner.TestRunner -->
