<?xml version="1.0" encoding="UTF-8"?>
<!-- Generated by org.testng.reporters.JUnitReportReporter -->
<testsuite hostname="SUTIRTH_VISHRUTH" failures="0" tests="5" name="com.example.Cucumber_TestNGDemo.runner.TestRunner" time="81.881" errors="0" timestamp="2021-12-06T04:38:37 IST" skipped="0">
  <testcase classname="com.example.Cucumber_TestNGDemo.runner.TestRunner" name="runScenario" time="19.736"/>
  <system-out/>
  <testcase classname="com.example.Cucumber_TestNGDemo.runner.TestRunner" name="runScenario" time="19.986"/>
  <system-out/>
  <testcase classname="com.example.Cucumber_TestNGDemo.runner.TestRunner" name="runScenario" time="9.868"/>
  <system-out/>
  <testcase classname="com.example.Cucumber_TestNGDemo.runner.TestRunner" name="runScenario" time="9.840"/>
  <system-out/>
  <testcase classname="com.example.Cucumber_TestNGDemo.runner.TestRunner" name="runScenario" time="22.451"/>
  <system-out/>
</testsuite> <!-- com.example.Cucumber_TestNGDemo.runner.TestRunner -->
