<?xml version="1.0" encoding="UTF-8"?>
<!-- Generated by org.testng.reporters.JUnitReportReporter -->
<testsuite hostname="SUTIRTH_VISHRUTH" failures="0" tests="5" name="com.example.Cucumber_TestNGDemo.runner.TestRunner" time="82.532" errors="0" timestamp="2021-12-11T23:55:54 IST" skipped="0">
  <testcase classname="com.example.Cucumber_TestNGDemo.runner.TestRunner" name="runScenario" time="8.600"/>
  <system-out/>
  <testcase classname="com.example.Cucumber_TestNGDemo.runner.TestRunner" name="runScenario" time="20.307"/>
  <system-out/>
  <testcase classname="com.example.Cucumber_TestNGDemo.runner.TestRunner" name="runScenario" time="20.018"/>
  <system-out/>
  <testcase classname="com.example.Cucumber_TestNGDemo.runner.TestRunner" name="runScenario" time="13.383"/>
  <system-out/>
  <testcase classname="com.example.Cucumber_TestNGDemo.runner.TestRunner" name="runScenario" time="20.224"/>
  <system-out/>
</testsuite> <!-- com.example.Cucumber_TestNGDemo.runner.TestRunner -->
