<?xml version="1.0" encoding="UTF-8"?>
<!-- Generated by org.testng.reporters.JUnitReportReporter -->
<testsuite hostname="SUTIRTH_VISHRUTH" failures="0" tests="1" name="com.example.Cucumber_TestNGDemo.definitions.readExcelDataUsingColumnName" time="0.501" errors="0" timestamp="2021-12-06T03:20:09 IST" skipped="0">
  <testcase classname="com.example.Cucumber_TestNGDemo.definitions.readExcelDataUsingColumnName" name="testingExcelIntegration" time="0.501"/>
  <system-out/>
</testsuite> <!-- com.example.Cucumber_TestNGDemo.definitions.readExcelDataUsingColumnName -->
