<?xml version="1.0" encoding="UTF-8"?>
<!-- Generated by org.testng.reporters.JUnitReportReporter -->
<testsuite hostname="SUTIRTH_VISHRUTH" failures="0" tests="5" name="com.example.Cucumber_TestNGDemo.runner.TestRunner" time="91.951" errors="0" timestamp="2021-12-11T23:45:37 IST" skipped="0">
  <testcase classname="com.example.Cucumber_TestNGDemo.runner.TestRunner" name="runScenario" time="20.081"/>
  <system-out/>
  <testcase classname="com.example.Cucumber_TestNGDemo.runner.TestRunner" name="runScenario" time="19.954"/>
  <system-out/>
  <testcase classname="com.example.Cucumber_TestNGDemo.runner.TestRunner" name="runScenario" time="8.801"/>
  <system-out/>
  <testcase classname="com.example.Cucumber_TestNGDemo.runner.TestRunner" name="runScenario" time="22.959"/>
  <system-out/>
  <testcase classname="com.example.Cucumber_TestNGDemo.runner.TestRunner" name="runScenario" time="20.156"/>
  <system-out/>
</testsuite> <!-- com.example.Cucumber_TestNGDemo.runner.TestRunner -->
